0 info it worked if it ends with ok
1 verbose cli [ '/home/nick/.nvm/versions/node/v4.7.2/bin/node',
1 verbose cli   '/home/nick/.nvm/versions/node/v4.7.2/bin/npm',
1 verbose cli   'run',
1 verbose cli   'app' ]
2 info using npm@2.15.11
3 info using node@v4.7.2
4 verbose run-script [ 'preapp', 'app', 'postapp' ]
5 info preapp tileserver@1.0.0
6 info app tileserver@1.0.0
7 verbose unsafe-perm in lifecycle true
8 info tileserver@1.0.0 Failed to exec app script
9 verbose stack Error: tileserver@1.0.0 app: `./tileserver.js ./config.json 3001`
9 verbose stack Exit status 1
9 verbose stack     at EventEmitter.<anonymous> (/home/nick/.nvm/versions/node/v4.7.2/lib/node_modules/npm/lib/utils/lifecycle.js:217:16)
9 verbose stack     at emitTwo (events.js:87:13)
9 verbose stack     at EventEmitter.emit (events.js:172:7)
9 verbose stack     at ChildProcess.<anonymous> (/home/nick/.nvm/versions/node/v4.7.2/lib/node_modules/npm/lib/utils/spawn.js:24:14)
9 verbose stack     at emitTwo (events.js:87:13)
9 verbose stack     at ChildProcess.emit (events.js:172:7)
9 verbose stack     at maybeClose (internal/child_process.js:854:16)
9 verbose stack     at Process.ChildProcess._handle.onexit (internal/child_process.js:222:5)
10 verbose pkgid tileserver@1.0.0
11 verbose cwd /home/nick/accessmap/projects/accessmap-vt
12 error Linux 4.6.6-040606-generic
13 error argv "/home/nick/.nvm/versions/node/v4.7.2/bin/node" "/home/nick/.nvm/versions/node/v4.7.2/bin/npm" "run" "app"
14 error node v4.7.2
15 error npm  v2.15.11
16 error code ELIFECYCLE
17 error tileserver@1.0.0 app: `./tileserver.js ./config.json 3001`
17 error Exit status 1
18 error Failed at the tileserver@1.0.0 app script './tileserver.js ./config.json 3001'.
18 error This is most likely a problem with the tileserver package,
18 error not with npm itself.
18 error Tell the author that this fails on your system:
18 error     ./tileserver.js ./config.json 3001
18 error You can get information on how to open an issue for this project with:
18 error     npm bugs tileserver
18 error Or if that isn't available, you can get their info via:
18 error
18 error     npm owner ls tileserver
18 error There is likely additional logging output above.
19 verbose exit [ 1, true ]
